<?xml version="1.0" encoding="UTF-8"?>
<!-- Generated by org.testng.reporters.JUnitReportReporter -->
<testsuite hostname="hari" failures="0" tests="2" name="com.simplylearn.testng.E_Commerce_Stock_Management_App.StockMangementTest" time="0.038" errors="0" timestamp="2023-12-23T15:39:47 IST" skipped="0">
  <testcase classname="com.simplylearn.testng.E_Commerce_Stock_Management_App.StockMangementTest" name="testSearchProductExists" time="0.035"/>
  <system-out/>
  <testcase classname="com.simplylearn.testng.E_Commerce_Stock_Management_App.StockMangementTest" name="testSearchProductNotExists" time="0.003"/>
  <system-out/>
</testsuite> <!-- com.simplylearn.testng.E_Commerce_Stock_Management_App.StockMangementTest -->
